2021-03-31 23:22:44,352: INFO: __init__ line:21 Paths: Input: /Users/jasurbek/Desktop/output_files Output: /Users/jasurbek/Desktop/ftp-filees paths were passed!
2021-03-31 23:22:44,353: INFO: <module> line:12 App has started running
2021-03-31 23:22:44,353: ERROR: handle_files line:31 /Users/jasurbek/Desktop/output_files or /Users/jasurbek/Desktop/ftp-filees folders do not exist! Retrying.... 5 left!
2021-03-31 23:22:44,353: ERROR: handle_files line:31 /Users/jasurbek/Desktop/output_files or /Users/jasurbek/Desktop/ftp-filees folders do not exist! Retrying.... 4 left!
2021-03-31 23:22:44,353: ERROR: handle_files line:31 /Users/jasurbek/Desktop/output_files or /Users/jasurbek/Desktop/ftp-filees folders do not exist! Retrying.... 3 left!
2021-03-31 23:22:44,353: ERROR: handle_files line:31 /Users/jasurbek/Desktop/output_files or /Users/jasurbek/Desktop/ftp-filees folders do not exist! Retrying.... 2 left!
2021-03-31 23:22:44,353: ERROR: handle_files line:31 /Users/jasurbek/Desktop/output_files or /Users/jasurbek/Desktop/ftp-filees folders do not exist! Retrying.... 1 left!
2021-03-31 23:23:33,724: INFO: __init__ line:22 Paths: Input: /Users/jasurbek/Desktop/output_files Output: /Users/jasurbek/Desktop/ftp-filees paths were passed!
2021-03-31 23:23:33,725: INFO: <module> line:12 App has started running
2021-03-31 23:23:33,725: ERROR: handle_files line:32 /Users/jasurbek/Desktop/output_files or /Users/jasurbek/Desktop/ftp-filees folders do not exist! Retrying.... 5 retries left!
2021-03-31 23:23:38,728: ERROR: handle_files line:32 /Users/jasurbek/Desktop/output_files or /Users/jasurbek/Desktop/ftp-filees folders do not exist! Retrying.... 4 retries left!
2021-03-31 23:23:43,733: ERROR: handle_files line:32 /Users/jasurbek/Desktop/output_files or /Users/jasurbek/Desktop/ftp-filees folders do not exist! Retrying.... 3 retries left!
2021-03-31 23:23:48,734: ERROR: handle_files line:32 /Users/jasurbek/Desktop/output_files or /Users/jasurbek/Desktop/ftp-filees folders do not exist! Retrying.... 2 retries left!
2021-03-31 23:23:53,739: ERROR: handle_files line:32 /Users/jasurbek/Desktop/output_files or /Users/jasurbek/Desktop/ftp-filees folders do not exist! Retrying.... 1 retries left!
2021-03-31 23:24:10,419: INFO: __init__ line:22 Paths: Input: /Users/jasurbek/Desktop/output_files Output: /Users/jasurbek/Desktop/ftp-filees paths were passed!
2021-03-31 23:24:10,419: INFO: <module> line:12 App has started running
2021-03-31 23:24:10,419: ERROR: handle_files line:32 /Users/jasurbek/Desktop/output_files or /Users/jasurbek/Desktop/ftp-filees folders do not exist! Retrying.... 5 retries left!
2021-03-31 23:24:15,423: ERROR: handle_files line:32 /Users/jasurbek/Desktop/output_files or /Users/jasurbek/Desktop/ftp-filees folders do not exist! Retrying.... 4 retries left!
2021-03-31 23:24:20,423: ERROR: handle_files line:32 /Users/jasurbek/Desktop/output_files or /Users/jasurbek/Desktop/ftp-filees folders do not exist! Retrying.... 3 retries left!
2021-03-31 23:25:13,278: INFO: __init__ line:22 Paths: Input: /Users/jasurbek/Desktop/output_files Output: /Users/jasurbek/Desktop/ftp-filees paths were passed!
2021-03-31 23:25:13,278: INFO: <module> line:12 App has started running
2021-03-31 23:25:13,278: ERROR: handle_files line:32 /Users/jasurbek/Desktop/output_files or /Users/jasurbek/Desktop/ftp-filees folders do not exist! Retrying.... 5 retries left!
2021-03-31 23:25:18,280: ERROR: handle_files line:32 /Users/jasurbek/Desktop/output_files or /Users/jasurbek/Desktop/ftp-filees folders do not exist! Retrying.... 4 retries left!
2021-03-31 23:25:23,283: ERROR: handle_files line:32 /Users/jasurbek/Desktop/output_files or /Users/jasurbek/Desktop/ftp-filees folders do not exist! Retrying.... 3 retries left!
2021-03-31 23:25:28,288: ERROR: handle_files line:32 /Users/jasurbek/Desktop/output_files or /Users/jasurbek/Desktop/ftp-filees folders do not exist! Retrying.... 2 retries left!
2021-03-31 23:25:33,294: ERROR: handle_files line:32 /Users/jasurbek/Desktop/output_files or /Users/jasurbek/Desktop/ftp-filees folders do not exist! Retrying.... 1 retries left!
2021-03-31 23:27:16,158: INFO: __init__ line:22 Paths: Input: /Users/jasurbek/Desktop/output_files Output: /Users/jasurbek/Desktop/ftp-filees paths were passed!
2021-03-31 23:27:16,159: INFO: <module> line:12 App has started running
2021-03-31 23:27:16,159: ERROR: handle_files line:32 /Users/jasurbek/Desktop/output_files or /Users/jasurbek/Desktop/ftp-filees folders do not exist! Retrying.... 5 retries left!
2021-03-31 23:27:21,162: ERROR: handle_files line:32 /Users/jasurbek/Desktop/output_files or /Users/jasurbek/Desktop/ftp-filees folders do not exist! Retrying.... 4 retries left!
2021-03-31 23:27:26,164: ERROR: handle_files line:32 /Users/jasurbek/Desktop/output_files or /Users/jasurbek/Desktop/ftp-filees folders do not exist! Retrying.... 3 retries left!
2021-03-31 23:27:31,169: ERROR: handle_files line:32 /Users/jasurbek/Desktop/output_files or /Users/jasurbek/Desktop/ftp-filees folders do not exist! Retrying.... 2 retries left!
2021-03-31 23:27:36,174: ERROR: handle_files line:32 /Users/jasurbek/Desktop/output_files or /Users/jasurbek/Desktop/ftp-filees folders do not exist! Retrying.... 1 retries left!
2021-03-31 23:34:14,549: INFO: __init__ line:22 Paths: Input: /Users/jasurbek/Desktop/output_files Output: /Users/jasurbek/Desktop/ftp-files paths were passed!
2021-03-31 23:34:14,550: INFO: <module> line:12 App has started running
2021-03-31 23:34:14,551: INFO: handle_files line:46 No file to parse...
2021-03-31 23:34:14,551: INFO: <module> line:14 Putting into sleep for 5 seconds
2021-03-31 23:34:19,554: INFO: <module> line:16 Rerunning app
2021-03-31 23:34:19,555: INFO: <module> line:12 App has started running
2021-03-31 23:34:19,557: INFO: handle_files line:46 No file to parse...
2021-03-31 23:34:19,558: INFO: <module> line:14 Putting into sleep for 5 seconds
2021-03-31 23:34:24,558: INFO: <module> line:16 Rerunning app
2021-03-31 23:34:24,559: INFO: <module> line:12 App has started running
2021-03-31 23:34:24,559: INFO: handle_files line:46 No file to parse...
2021-03-31 23:34:24,560: INFO: <module> line:14 Putting into sleep for 5 seconds
2021-03-31 23:34:29,565: INFO: <module> line:16 Rerunning app
2021-03-31 23:34:29,565: INFO: <module> line:12 App has started running
2021-03-31 23:34:29,566: INFO: handle_files line:46 No file to parse...
2021-03-31 23:34:29,566: INFO: <module> line:14 Putting into sleep for 5 seconds
2021-03-31 23:34:34,566: INFO: <module> line:16 Rerunning app
2021-03-31 23:34:34,567: INFO: <module> line:12 App has started running
2021-03-31 23:34:34,567: INFO: handle_files line:46 No file to parse...
2021-03-31 23:34:34,567: INFO: <module> line:14 Putting into sleep for 5 seconds
2021-03-31 23:34:39,571: INFO: <module> line:16 Rerunning app
2021-03-31 23:34:39,571: INFO: <module> line:12 App has started running
2021-03-31 23:34:39,572: INFO: handle_files line:46 No file to parse...
2021-03-31 23:34:39,572: INFO: <module> line:14 Putting into sleep for 5 seconds
2021-03-31 23:34:44,574: INFO: <module> line:16 Rerunning app
2021-03-31 23:34:44,574: INFO: <module> line:12 App has started running
2021-03-31 23:34:44,575: INFO: handle_files line:46 No file to parse...
2021-03-31 23:34:44,575: INFO: <module> line:14 Putting into sleep for 5 seconds
2021-03-31 23:34:49,575: INFO: <module> line:16 Rerunning app
2021-03-31 23:34:49,576: INFO: <module> line:12 App has started running
2021-03-31 23:34:49,576: INFO: handle_files line:46 No file to parse...
2021-03-31 23:34:49,576: INFO: <module> line:14 Putting into sleep for 5 seconds
2021-03-31 23:34:54,577: INFO: <module> line:16 Rerunning app
2021-03-31 23:34:54,577: INFO: <module> line:12 App has started running
2021-03-31 23:34:54,577: INFO: handle_files line:46 No file to parse...
2021-03-31 23:34:54,578: INFO: <module> line:14 Putting into sleep for 5 seconds
2021-03-31 23:34:59,579: INFO: <module> line:16 Rerunning app
2021-03-31 23:34:59,579: INFO: <module> line:12 App has started running
2021-03-31 23:34:59,580: INFO: handle_files line:46 No file to parse...
2021-03-31 23:34:59,580: INFO: <module> line:14 Putting into sleep for 5 seconds
2021-03-31 23:35:04,580: INFO: <module> line:16 Rerunning app
2021-03-31 23:35:04,581: INFO: <module> line:12 App has started running
2021-03-31 23:35:04,581: INFO: handle_files line:46 No file to parse...
2021-03-31 23:35:04,581: INFO: <module> line:14 Putting into sleep for 5 seconds
2021-03-31 23:35:09,587: INFO: <module> line:16 Rerunning app
2021-03-31 23:35:09,587: INFO: <module> line:12 App has started running
2021-03-31 23:35:09,587: INFO: handle_files line:46 No file to parse...
2021-03-31 23:35:09,588: INFO: <module> line:14 Putting into sleep for 5 seconds
